<?xml version="1.0" encoding="UTF-8"?>
<!-- Generated by org.testng.reporters.JUnitReportReporter -->
<testsuite hostname="DESKTOP-MPN7R7N" failures="0" tests="1" name="Practice.sample_testng" time="0.010" errors="0" timestamp="2024-02-24T13:10:52 IST" skipped="0">
  <testcase classname="Practice.sample_testng" name="s" time="0.010"/>
  <system-out/>
</testsuite> <!-- Practice.sample_testng -->
